<?xml version="1.0" encoding="UTF-8"?>
<!-- Generated by org.testng.reporters.JUnitReportReporter -->
<testsuite hostname="asdaas-wv-10196" name="test.com.test.TestCustomerForm" tests="1" failures="0" timestamp="30 Jul 2018 07:32:07 GMT" time="0.584" errors="0">
  <testcase name="testInvalidCustomerDetails" time="0.584" classname="test.com.test.TestCustomerForm"/>
</testsuite> <!-- test.com.test.TestCustomerForm -->
