<?xml version="1.0" encoding="UTF-8"?>
<!-- Generated by org.testng.reporters.JUnitReportReporter -->
<testsuite hostname="asdaas-wv-10196" name="test.com.test.TestDisplayCustomer" tests="1" failures="0" timestamp="30 Jul 2018 07:32:07 GMT" time="1.005" errors="0">
  <testcase name="testValidCustomerDetails" time="1.005" classname="test.com.test.TestDisplayCustomer"/>
</testsuite> <!-- test.com.test.TestDisplayCustomer -->
